<?xml version="1.0" encoding="UTF-8"?>
<!-- Generated by org.testng.reporters.JUnitReportReporter -->
<testsuite hostname="CINT-IAOL-059" failures="0" tests="5" name="TestNG_Demo.CheckPriority" time="0.014" errors="0" timestamp="2024-05-06T12:46:49 IST" skipped="0">
  <testcase classname="TestNG_Demo.CheckPriority" name="aaac" time="0.008"/>
  <system-out/>
  <testcase classname="TestNG_Demo.CheckPriority" name="aaaa" time="0.002"/>
  <system-out/>
  <testcase classname="TestNG_Demo.CheckPriority" name="aabb" time="0.001"/>
  <system-out/>
  <testcase classname="TestNG_Demo.CheckPriority" name="abaa" time="0.001"/>
  <system-out/>
  <testcase classname="TestNG_Demo.CheckPriority" name="aacbbb" time="0.002"/>
  <system-out/>
</testsuite> <!-- TestNG_Demo.CheckPriority -->
