<?xml version="1.0" encoding="UTF-8"?>
<!-- Generated by org.testng.reporters.JUnitReportReporter -->
<testsuite hostname="CINT-IAOL-059" failures="0" tests="3" name="TestNG_1.TestNGparameterDemo" time="0.021" errors="0" timestamp="2024-01-21T17:30:56 IST" skipped="0">
  <testcase classname="TestNG_1.TestNGparameterDemo" name="substraction" time="0.002"/>
  <system-out/>
  <testcase classname="TestNG_1.TestNGparameterDemo" name="add" time="0.016"/>
  <system-out/>
  <testcase classname="TestNG_1.TestNGparameterDemo" name="multiply" time="0.003"/>
  <system-out/>
</testsuite> <!-- TestNG_1.TestNGparameterDemo -->
