<?xml version="1.0" encoding="UTF-8"?>
<!-- Generated by org.testng.reporters.JUnitReportReporter -->
<testsuite hostname="CINT-IAOL-059" failures="0" tests="2" name="TestNG_1.ParalletTestDemo1" time="17.013" errors="0" timestamp="2024-01-21T20:25:05 IST" skipped="0">
  <testcase classname="TestNG_1.ParalletTestDemo1" name="verifyTitle" time="7.006"/>
  <system-out/>
  <testcase classname="TestNG_1.ParalletTestDemo1" name="verifyLogo" time="10.007"/>
  <system-out/>
</testsuite> <!-- TestNG_1.ParalletTestDemo1 -->
