<?xml version="1.0" encoding="UTF-8"?>
<!-- Generated by org.testng.reporters.JUnitReportReporter -->
<testsuite hostname="CINT-IAOL-059" failures="0" tests="2" name="TestNG_1.TestCase1" time="0.013" errors="0" timestamp="2024-01-21T13:37:27 IST" skipped="0">
  <testcase classname="TestNG_1.TestCase1" name="test2" time="0.004"/>
  <system-out/>
  <testcase classname="TestNG_1.TestCase1" name="test1" time="0.009"/>
  <system-out/>
</testsuite> <!-- TestNG_1.TestCase1 -->
