<?xml version="1.0" encoding="UTF-8"?>
<!-- Generated by org.testng.reporters.JUnitReportReporter -->
<testsuite hostname="CINT-IAOL-059" failures="0" tests="2" name="TestNG_Demo.TestNGExample" time="0.008" errors="0" timestamp="2024-01-21T00:07:42 IST" skipped="0">
  <testcase classname="TestNG_Demo.TestNGExample" name="test2" time="0.004"/>
  <system-out/>
  <testcase classname="TestNG_Demo.TestNGExample" name="test1" time="0.004"/>
  <system-out/>
</testsuite> <!-- TestNG_Demo.TestNGExample -->
