<?xml version="1.0" encoding="UTF-8"?>
<!-- Generated by org.testng.reporters.JUnitReportReporter -->
<testsuite hostname="CINT-IAOL-059" failures="0" tests="2" name="TestNG_1.TestClass2" time="0.023" errors="0" timestamp="2024-01-21T13:21:51 IST" skipped="0">
  <testcase classname="TestNG_1.TestClass2" name="test4" time="0.003"/>
  <system-out/>
  <testcase classname="TestNG_1.TestClass2" name="test3" time="0.020"/>
  <system-out/>
</testsuite> <!-- TestNG_1.TestClass2 -->
