<?xml version="1.0" encoding="UTF-8"?>
<!-- Generated by org.testng.reporters.JUnitReportReporter -->
<testsuite hostname="CINT-IAOL-059" failures="0" tests="2" name="TestNG_Demo.LoanDepartment" time="0.018" errors="0" timestamp="2024-01-21T12:53:12 IST" skipped="0">
  <testcase classname="TestNG_Demo.LoanDepartment" name="MobileLoginAutomobileLoan" time="0.015"/>
  <system-out/>
  <testcase classname="TestNG_Demo.LoanDepartment" name="MobileLoginPersonalLoan" time="0.003"/>
  <system-out/>
</testsuite> <!-- TestNG_Demo.LoanDepartment -->
