<?xml version="1.0" encoding="UTF-8"?>
<!-- Generated by org.testng.reporters.JUnitReportReporter -->
<testsuite hostname="CINT-IAOL-059" failures="0" tests="1" name="TestNG_1.T_AutomobileCompany" time="0.003" errors="0" timestamp="2024-01-21T17:51:34 IST" skipped="0">
  <testcase classname="TestNG_1.T_AutomobileCompany" name="testCase1" time="0.003"/>
  <system-out/>
</testsuite> <!-- TestNG_1.T_AutomobileCompany -->
