<?xml version="1.0" encoding="UTF-8"?>
<!-- Generated by org.testng.reporters.JUnitReportReporter -->
<testsuite hostname="CINT-IAOL-059" failures="0" tests="1" name="TestNG_Demo.TestNGDemo" time="7.911" errors="0" timestamp="2024-01-21T00:07:42 IST" skipped="0">
  <testcase classname="TestNG_Demo.TestNGDemo" name="verifyPageTitle" time="7.911"/>
  <system-out/>
</testsuite> <!-- TestNG_Demo.TestNGDemo -->
