<?xml version="1.0" encoding="UTF-8"?>
<!-- Generated by org.testng.reporters.JUnitReportReporter -->
<testsuite hostname="CINT-IAOL-059" failures="0" tests="1" name="TestNG_1.ParalletTestDemo2" time="12.748" errors="0" timestamp="2024-01-21T20:25:05 IST" skipped="0">
  <testcase classname="TestNG_1.ParalletTestDemo2" name="verifyLogin" time="12.748"/>
  <system-out/>
</testsuite> <!-- TestNG_1.ParalletTestDemo2 -->
