<?xml version="1.0" encoding="UTF-8"?>
<!-- Generated by org.testng.reporters.JUnitReportReporter -->
<testsuite hostname="CINT-IAOL-059" failures="0" tests="2" name="TestNG_1.TestNGParameterGoogleSearch" time="20.136" errors="0" timestamp="2024-01-21T18:40:22 IST" skipped="0">
  <testcase classname="TestNG_1.TestNGParameterGoogleSearch" name="googleSearch" time="13.003"/>
  <system-out/>
  <testcase classname="TestNG_1.TestNGParameterGoogleSearch" name="googleSearch" time="7.133"/>
  <system-out/>
</testsuite> <!-- TestNG_1.TestNGParameterGoogleSearch -->
