<?xml version="1.0" encoding="UTF-8"?>
<!-- Generated by org.testng.reporters.JUnitReportReporter -->
<testsuite hostname="CINT-IAOL-059" failures="0" tests="4" name="TestNG_1.AnnotationAttributes" time="0.019" errors="0" timestamp="2024-01-21T17:01:13 IST" skipped="1">
  <testcase classname="TestNG_1.AnnotationAttributes" name="testCase2" time="0.015"/>
  <system-out/>
  <testcase classname="TestNG_1.AnnotationAttributes" name="testCase4" time="0.002"/>
  <system-out/>
  <testcase classname="TestNG_1.AnnotationAttributes" name="testCase3" time="0.002"/>
  <system-out/>
  <testcase classname="TestNG_1.AnnotationAttributes" name="testCase1">
    <skipped/>
  </testcase> <!-- testCase1 -->
  <system-out/>
</testsuite> <!-- TestNG_1.AnnotationAttributes -->
