<?xml version="1.0" encoding="UTF-8"?>
<!-- Generated by org.testng.reporters.JUnitReportReporter -->
<testsuite hostname="CINT-IAOL-059" failures="0" tests="2" name="TestNG_1.GroupAttribute" time="0.015" errors="0" timestamp="2024-01-21T17:10:51 IST" skipped="0">
  <testcase classname="TestNG_1.GroupAttribute" name="maruti" time="0.014"/>
  <system-out/>
  <testcase classname="TestNG_1.GroupAttribute" name="tata" time="0.001"/>
  <system-out/>
</testsuite> <!-- TestNG_1.GroupAttribute -->
