<?xml version="1.0" encoding="UTF-8"?>
<!-- Generated by org.testng.reporters.JUnitReportReporter -->
<testsuite hostname="CINT-IAOL-059" failures="0" tests="8" name="TestNG_3.InvocationCountDemo" time="0.035" errors="0" timestamp="2024-01-22T13:36:59 IST" skipped="0">
  <testcase classname="TestNG_3.InvocationCountDemo" name="testMethod2" time="0.003"/>
  <system-out/>
  <testcase classname="TestNG_3.InvocationCountDemo" name="testMethod1" time="0.003"/>
  <system-out/>
  <testcase classname="TestNG_3.InvocationCountDemo" name="testMethod2" time="0.002"/>
  <system-out/>
  <testcase classname="TestNG_3.InvocationCountDemo" name="testMethod1" time="0.002"/>
  <system-out/>
  <testcase classname="TestNG_3.InvocationCountDemo" name="testMethod1" time="0.003"/>
  <system-out/>
  <testcase classname="TestNG_3.InvocationCountDemo" name="testMethod2" time="0.003"/>
  <system-out/>
  <testcase classname="TestNG_3.InvocationCountDemo" name="testMethod1" time="0.017"/>
  <system-out/>
  <testcase classname="TestNG_3.InvocationCountDemo" name="testMethod1" time="0.002"/>
  <system-out/>
</testsuite> <!-- TestNG_3.InvocationCountDemo -->
