<?xml version="1.0" encoding="UTF-8"?>
<!-- Generated by org.testng.reporters.JUnitReportReporter -->
<testsuite hostname="CINT-IAOL-059" failures="0" tests="3" name="TestNG_2.C_ProductPageTest" time="0.006" errors="0" timestamp="2024-01-22T12:59:05 IST" skipped="0">
  <testcase classname="TestNG_2.C_ProductPageTest" name="AddProductToCart" time="0.002"/>
  <system-out/>
  <testcase classname="TestNG_2.C_ProductPageTest" name="SelectQuantity" time="0.002"/>
  <system-out/>
  <testcase classname="TestNG_2.C_ProductPageTest" name="AddProductToWishList" time="0.002"/>
  <system-out/>
</testsuite> <!-- TestNG_2.C_ProductPageTest -->
