<?xml version="1.0" encoding="UTF-8"?>
<!-- Generated by org.testng.reporters.JUnitReportReporter -->
<testsuite hostname="CINT-IAOL-059" failures="0" tests="2" name="TestNG_2.D_PaymentTest" time="0.004" errors="0" timestamp="2024-01-22T12:59:05 IST" skipped="0">
  <testcase classname="TestNG_2.D_PaymentTest" name="CashOnDelivery" time="0.002"/>
  <system-out/>
  <testcase classname="TestNG_2.D_PaymentTest" name="Netbanking" time="0.002"/>
  <system-out/>
</testsuite> <!-- TestNG_2.D_PaymentTest -->
