<?xml version="1.0" encoding="UTF-8"?>
<!-- Generated by org.testng.reporters.JUnitReportReporter -->
<testsuite hostname="CINT-IAOL-059" failures="0" tests="3" name="TestNG_2.A_HomeScreenTest" time="0.021" errors="0" timestamp="2024-01-22T12:59:05 IST" skipped="0">
  <testcase classname="TestNG_2.A_HomeScreenTest" name="LaunchApplication" time="0.017"/>
  <system-out/>
  <testcase classname="TestNG_2.A_HomeScreenTest" name="VerifyLogo" time="0.002"/>
  <system-out/>
  <testcase classname="TestNG_2.A_HomeScreenTest" name="VerifyTitle" time="0.002"/>
  <system-out/>
</testsuite> <!-- TestNG_2.A_HomeScreenTest -->
